<?xml version="1.0" encoding="UTF-8"?>
<!-- Generated by org.testng.reporters.JUnitReportReporter -->
<testsuite hostname="User-PC" failures="0" tests="1" name="seleniumGrid.Google" time="29.390" errors="0" timestamp="2022-04-14T18:54:59 IST" skipped="0">
  <testcase classname="seleniumGrid.Google" name="check" time="29.390"/>
  <system-out/>
</testsuite> <!-- seleniumGrid.Google -->
